;  LST file generated by mikroListExporter - v.2.0 
; Date/Time: 11/10/2025 8:12:29 PM
;----------------------------------------------

;Address Opcode 	ASM
0x0000	0x2ADD      	GOTO       733
_Mul_32x32_U:
;__Lib_Math.c,1775 :: 		
;__Lib_Math.c,1790 :: 		
0x0003	0x1283      	BCF        STATUS, 5
;__Lib_Math.c,1791 :: 		
0x0004	0x1303      	BCF        STATUS, 6
;__Lib_Math.c,1792 :: 		
0x0005	0x3022      	MOVLW      34
;__Lib_Math.c,1793 :: 		
0x0006	0x00FC      	MOVWF      R12
;__Lib_Math.c,1794 :: 		
0x0007	0x01F8      	CLRF       R8
;__Lib_Math.c,1795 :: 		
0x0008	0x01F9      	CLRF       R9
;__Lib_Math.c,1796 :: 		
0x0009	0x01FA      	CLRF       R10
;__Lib_Math.c,1797 :: 		
0x000A	0x01FB      	CLRF       R11
;__Lib_Math.c,1799 :: 		
_NEXT:
;__Lib_Math.c,1803 :: 		
0x000B	0x03FC      	DECF       R12, 1
;__Lib_Math.c,1804 :: 		
0x000C	0x1903      	BTFSC      STATUS, 2
;__Lib_Math.c,1805 :: 		
0x000D	0x2839      	GOTO       _EXIT2
;__Lib_Math.c,1806 :: 		
0x000E	0x1003      	BCF        STATUS, 0
;__Lib_Math.c,1808 :: 		
_LOOP:
;__Lib_Math.c,1817 :: 		
0x000F	0x0CFB      	RRF        R11, 1
;__Lib_Math.c,1818 :: 		
0x0010	0x0CFA      	RRF        R10, 1
;__Lib_Math.c,1819 :: 		
0x0011	0x0CF9      	RRF        R9, 1
;__Lib_Math.c,1820 :: 		
0x0012	0x0CF8      	RRF        R8, 1
;__Lib_Math.c,1821 :: 		
0x0013	0x0CF3      	RRF        R3, 1
;__Lib_Math.c,1822 :: 		
0x0014	0x0CF2      	RRF        R2, 1
;__Lib_Math.c,1823 :: 		
0x0015	0x0CF1      	RRF        R1, 1
;__Lib_Math.c,1824 :: 		
0x0016	0x0CF0      	RRF        R0, 1
;__Lib_Math.c,1829 :: 		
0x0017	0x1C03      	BTFSS      STATUS, 0
;__Lib_Math.c,1830 :: 		
0x0018	0x280B      	GOTO       _NEXT
;__Lib_Math.c,1831 :: 		
0x0019	0x03FC      	DECF       R12, 1
;__Lib_Math.c,1832 :: 		
0x001A	0x1903      	BTFSC      STATUS, 2
;__Lib_Math.c,1833 :: 		
0x001B	0x282B      	GOTO       _EXIT1
;__Lib_Math.c,1840 :: 		
0x001C	0x0874      	MOVF       R4, 0
;__Lib_Math.c,1841 :: 		
0x001D	0x07F8      	ADDWF      R8, 1
;__Lib_Math.c,1842 :: 		
0x001E	0x0875      	MOVF       R5, 0
;__Lib_Math.c,1843 :: 		
0x001F	0x1803      	BTFSC      STATUS, 0
;__Lib_Math.c,1844 :: 		
0x0020	0x0F75      	INCFSZ     R5, 0
;__Lib_Math.c,1845 :: 		
0x0021	0x07F9      	ADDWF      R9, 1
;__Lib_Math.c,1846 :: 		
0x0022	0x0876      	MOVF       R6, 0
;__Lib_Math.c,1847 :: 		
0x0023	0x1803      	BTFSC      STATUS, 0
;__Lib_Math.c,1848 :: 		
0x0024	0x0F76      	INCFSZ     R6, 0
;__Lib_Math.c,1849 :: 		
0x0025	0x07FA      	ADDWF      R10, 1
;__Lib_Math.c,1850 :: 		
0x0026	0x0877      	MOVF       R7, 0
;__Lib_Math.c,1851 :: 		
0x0027	0x1803      	BTFSC      STATUS, 0
;__Lib_Math.c,1852 :: 		
0x0028	0x0F77      	INCFSZ     R7, 0
;__Lib_Math.c,1853 :: 		
0x0029	0x07FB      	ADDWF      R11, 1
;__Lib_Math.c,1855 :: 		
0x002A	0x280F      	GOTO       _LOOP
;__Lib_Math.c,1857 :: 		
_EXIT1:
;__Lib_Math.c,1862 :: 		
0x002B	0x0874      	MOVF       R4, 0
;__Lib_Math.c,1863 :: 		
0x002C	0x07F8      	ADDWF      R8, 1
;__Lib_Math.c,1864 :: 		
0x002D	0x0875      	MOVF       R5, 0
;__Lib_Math.c,1865 :: 		
0x002E	0x1803      	BTFSC      STATUS, 0
;__Lib_Math.c,1866 :: 		
0x002F	0x0F75      	INCFSZ     R5, 0
;__Lib_Math.c,1867 :: 		
0x0030	0x07F9      	ADDWF      R9, 1
;__Lib_Math.c,1868 :: 		
0x0031	0x0876      	MOVF       R6, 0
;__Lib_Math.c,1869 :: 		
0x0032	0x1803      	BTFSC      STATUS, 0
;__Lib_Math.c,1870 :: 		
0x0033	0x0F76      	INCFSZ     R6, 0
;__Lib_Math.c,1871 :: 		
0x0034	0x07FA      	ADDWF      R10, 1
;__Lib_Math.c,1872 :: 		
0x0035	0x0877      	MOVF       R7, 0
;__Lib_Math.c,1873 :: 		
0x0036	0x1803      	BTFSC      STATUS, 0
;__Lib_Math.c,1874 :: 		
0x0037	0x0F77      	INCFSZ     R7, 0
;__Lib_Math.c,1875 :: 		
0x0038	0x07FB      	ADDWF      R11, 1
;__Lib_Math.c,1878 :: 		
_EXIT2:
;__Lib_Math.c,1880 :: 		
L_end_Mul_32x32_U:
0x0039	0x0008      	RETURN
; end of _Mul_32x32_U
_Div_32x32_U:
;__Lib_Math.c,1318 :: 		
;__Lib_Math.c,1327 :: 		
;__Lib_Math.c,1329 :: 		
0x003A	0x1283      	BCF        STATUS, 5
;__Lib_Math.c,1330 :: 		
0x003B	0x1303      	BCF        STATUS, 6
;__Lib_Math.c,1331 :: 		
0x003C	0x01FB      	CLRF       R11
;__Lib_Math.c,1332 :: 		
0x003D	0x01FA      	CLRF       R10
;__Lib_Math.c,1333 :: 		
0x003E	0x01F9      	CLRF       R9
;__Lib_Math.c,1334 :: 		
0x003F	0x01F8      	CLRF       R8
;__Lib_Math.c,1336 :: 		
0x0040	0x01A0      	CLRF       ___math_tempb
;__Lib_Math.c,1338 :: 		
0x0041	0x0D73      	RLF        R3, 0
;__Lib_Math.c,1339 :: 		
0x0042	0x0DF8      	RLF        R8, 1
;__Lib_Math.c,1340 :: 		
0x0043	0x0874      	MOVF       R4, 0
;__Lib_Math.c,1341 :: 		
0x0044	0x02F8      	SUBWF      R8, 1
;__Lib_Math.c,1342 :: 		
0x0045	0x0875      	MOVF       R5, 0
;__Lib_Math.c,1343 :: 		
0x0046	0x1C03      	BTFSS      STATUS, 0
;__Lib_Math.c,1344 :: 		
0x0047	0x0F75      	INCFSZ     R5, 0
;__Lib_Math.c,1345 :: 		
0x0048	0x02F9      	SUBWF      R9, 1
;__Lib_Math.c,1346 :: 		
0x0049	0x0876      	MOVF       R6, 0
;__Lib_Math.c,1347 :: 		
0x004A	0x1C03      	BTFSS      STATUS, 0
;__Lib_Math.c,1348 :: 		
0x004B	0x0F76      	INCFSZ     R6, 0
;__Lib_Math.c,1349 :: 		
0x004C	0x02FA      	SUBWF      R10, 1
;__Lib_Math.c,1350 :: 		
0x004D	0x0877      	MOVF       R7, 0
;__Lib_Math.c,1351 :: 		
0x004E	0x1C03      	BTFSS      STATUS, 0
;__Lib_Math.c,1352 :: 		
0x004F	0x0F77      	INCFSZ     R7, 0
;__Lib_Math.c,1353 :: 		
0x0050	0x02FB      	SUBWF      R11, 1
;__Lib_Math.c,1355 :: 		
0x0051	0x0100      	CLRW
;__Lib_Math.c,1356 :: 		
0x0052	0x1C03      	BTFSS      STATUS, 0
;__Lib_Math.c,1357 :: 		
0x0053	0x3001      	MOVLW      1
;__Lib_Math.c,1358 :: 		
0x0054	0x02A0      	SUBWF      ___math_tempb, 1
;__Lib_Math.c,1359 :: 		
0x0055	0x0DF3      	RLF        R3, 1
;__Lib_Math.c,1361 :: 		
0x0056	0x3007      	MOVLW      7
;__Lib_Math.c,1362 :: 		
0x0057	0x00FC      	MOVWF      R12
;__Lib_Math.c,1364 :: 		
LOOPU3232A:
;__Lib_Math.c,1365 :: 		
0x0058	0x0D73      	RLF        R3, 0
;__Lib_Math.c,1366 :: 		
0x0059	0x0DF8      	RLF        R8, 1
;__Lib_Math.c,1367 :: 		
0x005A	0x0DF9      	RLF        R9, 1
;__Lib_Math.c,1368 :: 		
0x005B	0x0DFA      	RLF        R10, 1
;__Lib_Math.c,1369 :: 		
0x005C	0x0DFB      	RLF        R11, 1
;__Lib_Math.c,1370 :: 		
0x005D	0x0DA0      	RLF        ___math_tempb, 1
;__Lib_Math.c,1371 :: 		
0x005E	0x0874      	MOVF       R4, 0
;__Lib_Math.c,1372 :: 		
0x005F	0x1C73      	BTFSS      R3, 0
;__Lib_Math.c,1373 :: 		
0x0060	0x2873      	GOTO       UADD22LA
;__Lib_Math.c,1375 :: 		
0x0061	0x02F8      	SUBWF      R8, 1
;__Lib_Math.c,1376 :: 		
0x0062	0x0875      	MOVF       R5, 0
;__Lib_Math.c,1377 :: 		
0x0063	0x1C03      	BTFSS      STATUS, 0
;__Lib_Math.c,1378 :: 		
0x0064	0x0F75      	INCFSZ     R5, 0
;__Lib_Math.c,1379 :: 		
0x0065	0x02F9      	SUBWF      R9, 1
;__Lib_Math.c,1380 :: 		
0x0066	0x0876      	MOVF       R6, 0
;__Lib_Math.c,1381 :: 		
0x0067	0x1C03      	BTFSS      STATUS, 0
;__Lib_Math.c,1382 :: 		
0x0068	0x0F76      	INCFSZ     R6, 0
;__Lib_Math.c,1383 :: 		
0x0069	0x02FA      	SUBWF      R10, 1
;__Lib_Math.c,1384 :: 		
0x006A	0x0877      	MOVF       R7, 0
;__Lib_Math.c,1385 :: 		
0x006B	0x1C03      	BTFSS      STATUS, 0
;__Lib_Math.c,1386 :: 		
0x006C	0x0F77      	INCFSZ     R7, 0
;__Lib_Math.c,1387 :: 		
0x006D	0x02FB      	SUBWF      R11, 1
;__Lib_Math.c,1388 :: 		
0x006E	0x0100      	CLRW
;__Lib_Math.c,1389 :: 		
0x006F	0x1C03      	BTFSS      STATUS, 0
;__Lib_Math.c,1390 :: 		
0x0070	0x3001      	MOVLW      1
;__Lib_Math.c,1391 :: 		
0x0071	0x02A0      	SUBWF      ___math_tempb, 1
;__Lib_Math.c,1392 :: 		
0x0072	0x2884      	GOTO       UOK22LA
;__Lib_Math.c,1394 :: 		
UADD22LA:
;__Lib_Math.c,1395 :: 		
0x0073	0x07F8      	ADDWF      R8, 1
;__Lib_Math.c,1396 :: 		
0x0074	0x0875      	MOVF       R5, 0
;__Lib_Math.c,1397 :: 		
0x0075	0x1803      	BTFSC      STATUS, 0
;__Lib_Math.c,1398 :: 		
0x0076	0x0F75      	INCFSZ     R5, 0
;__Lib_Math.c,1399 :: 		
0x0077	0x07F9      	ADDWF      R9, 1
;__Lib_Math.c,1400 :: 		
0x0078	0x0876      	MOVF       R6, 0
;__Lib_Math.c,1401 :: 		
0x0079	0x1803      	BTFSC      STATUS, 0
;__Lib_Math.c,1402 :: 		
0x007A	0x0F76      	INCFSZ     R6, 0
;__Lib_Math.c,1403 :: 		
0x007B	0x07FA      	ADDWF      R10, 1
;__Lib_Math.c,1404 :: 		
0x007C	0x0877      	MOVF       R7, 0
;__Lib_Math.c,1405 :: 		
0x007D	0x1803      	BTFSC      STATUS, 0
;__Lib_Math.c,1406 :: 		
0x007E	0x0F77      	INCFSZ     R7, 0
;__Lib_Math.c,1407 :: 		
0x007F	0x07FB      	ADDWF      R11, 1
;__Lib_Math.c,1408 :: 		
0x0080	0x0100      	CLRW
;__Lib_Math.c,1409 :: 		
0x0081	0x1803      	BTFSC      STATUS, 0
;__Lib_Math.c,1410 :: 		
0x0082	0x3001      	MOVLW      1
;__Lib_Math.c,1411 :: 		
0x0083	0x07A0      	ADDWF      ___math_tempb, 1
;__Lib_Math.c,1413 :: 		
UOK22LA:
;__Lib_Math.c,1414 :: 		
0x0084	0x0DF3      	RLF        R3, 1
;__Lib_Math.c,1416 :: 		
0x0085	0x0BFC      	DECFSZ     R12, 1
;__Lib_Math.c,1417 :: 		
0x0086	0x2858      	GOTO       LOOPU3232A
;__Lib_Math.c,1419 :: 		
0x0087	0x0D72      	RLF        R2, 0
;__Lib_Math.c,1420 :: 		
0x0088	0x0DF8      	RLF        R8, 1
;__Lib_Math.c,1421 :: 		
0x0089	0x0DF9      	RLF        R9, 1
;__Lib_Math.c,1422 :: 		
0x008A	0x0DFA      	RLF        R10, 1
;__Lib_Math.c,1423 :: 		
0x008B	0x0DFB      	RLF        R11, 1
;__Lib_Math.c,1424 :: 		
0x008C	0x0DA0      	RLF        ___math_tempb, 1
;__Lib_Math.c,1425 :: 		
0x008D	0x0874      	MOVF       R4, 0
;__Lib_Math.c,1426 :: 		
0x008E	0x1C73      	BTFSS      R3, 0
;__Lib_Math.c,1427 :: 		
0x008F	0x28A2      	GOTO       UADD22L8
;__Lib_Math.c,1429 :: 		
0x0090	0x02F8      	SUBWF      R8, 1
;__Lib_Math.c,1430 :: 		
0x0091	0x0875      	MOVF       R5, 0
;__Lib_Math.c,1431 :: 		
0x0092	0x1C03      	BTFSS      STATUS, 0
;__Lib_Math.c,1432 :: 		
0x0093	0x0F75      	INCFSZ     R5, 0
;__Lib_Math.c,1433 :: 		
0x0094	0x02F9      	SUBWF      R9, 1
;__Lib_Math.c,1434 :: 		
0x0095	0x0876      	MOVF       R6, 0
;__Lib_Math.c,1435 :: 		
0x0096	0x1C03      	BTFSS      STATUS, 0
;__Lib_Math.c,1436 :: 		
0x0097	0x0F76      	INCFSZ     R6, 0
;__Lib_Math.c,1437 :: 		
0x0098	0x02FA      	SUBWF      R10, 1
;__Lib_Math.c,1438 :: 		
0x0099	0x0877      	MOVF       R7, 0
;__Lib_Math.c,1439 :: 		
0x009A	0x1C03      	BTFSS      STATUS, 0
;__Lib_Math.c,1440 :: 		
0x009B	0x0F77      	INCFSZ     R7, 0
;__Lib_Math.c,1441 :: 		
0x009C	0x02FB      	SUBWF      R11, 1
;__Lib_Math.c,1442 :: 		
0x009D	0x0100      	CLRW
;__Lib_Math.c,1443 :: 		
0x009E	0x1C03      	BTFSS      STATUS, 0
;__Lib_Math.c,1444 :: 		
0x009F	0x3001      	MOVLW      1
;__Lib_Math.c,1445 :: 		
0x00A0	0x02A0      	SUBWF      ___math_tempb, 1
;__Lib_Math.c,1446 :: 		
0x00A1	0x28B3      	GOTO       UOK22L8
;__Lib_Math.c,1448 :: 		
UADD22L8:
;__Lib_Math.c,1449 :: 		
0x00A2	0x07F8      	ADDWF      R8, 1
;__Lib_Math.c,1450 :: 		
0x00A3	0x0875      	MOVF       R5, 0
;__Lib_Math.c,1451 :: 		
0x00A4	0x1803      	BTFSC      STATUS, 0
;__Lib_Math.c,1452 :: 		
0x00A5	0x0F75      	INCFSZ     R5, 0
;__Lib_Math.c,1453 :: 		
0x00A6	0x07F9      	ADDWF      R9, 1
;__Lib_Math.c,1454 :: 		
0x00A7	0x0876      	MOVF       R6, 0
;__Lib_Math.c,1455 :: 		
0x00A8	0x1803      	BTFSC      STATUS, 0
;__Lib_Math.c,1456 :: 		
0x00A9	0x0F76      	INCFSZ     R6, 0
;__Lib_Math.c,1457 :: 		
0x00AA	0x07FA      	ADDWF      R10, 1
;__Lib_Math.c,1458 :: 		
0x00AB	0x0877      	MOVF       R7, 0
;__Lib_Math.c,1459 :: 		
0x00AC	0x1803      	BTFSC      STATUS, 0
;__Lib_Math.c,1460 :: 		
0x00AD	0x0F77      	INCFSZ     R7, 0
;__Lib_Math.c,1461 :: 		
0x00AE	0x07FB      	ADDWF      R11, 1
;__Lib_Math.c,1462 :: 		
0x00AF	0x0100      	CLRW
;__Lib_Math.c,1463 :: 		
0x00B0	0x1803      	BTFSC      STATUS, 0
;__Lib_Math.c,1464 :: 		
0x00B1	0x3001      	MOVLW      1
;__Lib_Math.c,1465 :: 		
0x00B2	0x07A0      	ADDWF      ___math_tempb, 1
;__Lib_Math.c,1467 :: 		
UOK22L8:
;__Lib_Math.c,1468 :: 		
0x00B3	0x0DF2      	RLF        R2, 1
;__Lib_Math.c,1470 :: 		
0x00B4	0x3007      	MOVLW      7
;__Lib_Math.c,1471 :: 		
0x00B5	0x00FC      	MOVWF      R12
;__Lib_Math.c,1473 :: 		
LOOPU3232B:
;__Lib_Math.c,1474 :: 		
0x00B6	0x0D72      	RLF        R2, 0
;__Lib_Math.c,1475 :: 		
0x00B7	0x0DF8      	RLF        R8, 1
;__Lib_Math.c,1476 :: 		
0x00B8	0x0DF9      	RLF        R9, 1
;__Lib_Math.c,1477 :: 		
0x00B9	0x0DFA      	RLF        R10, 1
;__Lib_Math.c,1478 :: 		
0x00BA	0x0DFB      	RLF        R11, 1
;__Lib_Math.c,1479 :: 		
0x00BB	0x0DA0      	RLF        ___math_tempb, 1
;__Lib_Math.c,1480 :: 		
0x00BC	0x0874      	MOVF       R4, 0
;__Lib_Math.c,1481 :: 		
0x00BD	0x1C72      	BTFSS      R2, 0
;__Lib_Math.c,1482 :: 		
0x00BE	0x28D1      	GOTO       UADD22LB
;__Lib_Math.c,1484 :: 		
0x00BF	0x02F8      	SUBWF      R8, 1
;__Lib_Math.c,1485 :: 		
0x00C0	0x0875      	MOVF       R5, 0
;__Lib_Math.c,1486 :: 		
0x00C1	0x1C03      	BTFSS      STATUS, 0
;__Lib_Math.c,1487 :: 		
0x00C2	0x0F75      	INCFSZ     R5, 0
;__Lib_Math.c,1488 :: 		
0x00C3	0x02F9      	SUBWF      R9, 1
;__Lib_Math.c,1489 :: 		
0x00C4	0x0876      	MOVF       R6, 0
;__Lib_Math.c,1490 :: 		
0x00C5	0x1C03      	BTFSS      STATUS, 0
;__Lib_Math.c,1491 :: 		
0x00C6	0x0F76      	INCFSZ     R6, 0
;__Lib_Math.c,1492 :: 		
0x00C7	0x02FA      	SUBWF      R10, 1
;__Lib_Math.c,1493 :: 		
0x00C8	0x0877      	MOVF       R7, 0
;__Lib_Math.c,1494 :: 		
0x00C9	0x1C03      	BTFSS      STATUS, 0
;__Lib_Math.c,1495 :: 		
0x00CA	0x0F77      	INCFSZ     R7, 0
;__Lib_Math.c,1496 :: 		
0x00CB	0x02FB      	SUBWF      R11, 1
;__Lib_Math.c,1497 :: 		
0x00CC	0x0100      	CLRW
;__Lib_Math.c,1498 :: 		
0x00CD	0x1C03      	BTFSS      STATUS, 0
;__Lib_Math.c,1499 :: 		
0x00CE	0x3001      	MOVLW      1
;__Lib_Math.c,1500 :: 		
0x00CF	0x02A0      	SUBWF      ___math_tempb, 1
;__Lib_Math.c,1501 :: 		
0x00D0	0x28E2      	GOTO       UOK22LB
;__Lib_Math.c,1503 :: 		
UADD22LB:
;__Lib_Math.c,1504 :: 		
0x00D1	0x07F8      	ADDWF      R8, 1
;__Lib_Math.c,1505 :: 		
0x00D2	0x0875      	MOVF       R5, 0
;__Lib_Math.c,1506 :: 		
0x00D3	0x1803      	BTFSC      STATUS, 0
;__Lib_Math.c,1507 :: 		
0x00D4	0x0F75      	INCFSZ     R5, 0
;__Lib_Math.c,1508 :: 		
0x00D5	0x07F9      	ADDWF      R9, 1
;__Lib_Math.c,1509 :: 		
0x00D6	0x0876      	MOVF       R6, 0
;__Lib_Math.c,1510 :: 		
0x00D7	0x1803      	BTFSC      STATUS, 0
;__Lib_Math.c,1511 :: 		
0x00D8	0x0F76      	INCFSZ     R6, 0
;__Lib_Math.c,1512 :: 		
0x00D9	0x07FA      	ADDWF      R10, 1
;__Lib_Math.c,1513 :: 		
0x00DA	0x0877      	MOVF       R7, 0
;__Lib_Math.c,1514 :: 		
0x00DB	0x1803      	BTFSC      STATUS, 0
;__Lib_Math.c,1515 :: 		
0x00DC	0x0F77      	INCFSZ     R7, 0
;__Lib_Math.c,1516 :: 		
0x00DD	0x07FB      	ADDWF      R11, 1
;__Lib_Math.c,1517 :: 		
0x00DE	0x0100      	CLRW
;__Lib_Math.c,1518 :: 		
0x00DF	0x1803      	BTFSC      STATUS, 0
;__Lib_Math.c,1519 :: 		
0x00E0	0x3001      	MOVLW      1
;__Lib_Math.c,1520 :: 		
0x00E1	0x07A0      	ADDWF      ___math_tempb, 1
;__Lib_Math.c,1522 :: 		
UOK22LB:
;__Lib_Math.c,1523 :: 		
0x00E2	0x0DF2      	RLF        R2, 1
;__Lib_Math.c,1525 :: 		
0x00E3	0x0BFC      	DECFSZ     R12, 1
;__Lib_Math.c,1526 :: 		
0x00E4	0x28B6      	GOTO       LOOPU3232B
;__Lib_Math.c,1528 :: 		
0x00E5	0x0D71      	RLF        R1, 0
;__Lib_Math.c,1529 :: 		
0x00E6	0x0DF8      	RLF        R8, 1
;__Lib_Math.c,1530 :: 		
0x00E7	0x0DF9      	RLF        R9, 1
;__Lib_Math.c,1531 :: 		
0x00E8	0x0DFA      	RLF        R10, 1
;__Lib_Math.c,1532 :: 		
0x00E9	0x0DFB      	RLF        R11, 1
;__Lib_Math.c,1533 :: 		
0x00EA	0x0DA0      	RLF        ___math_tempb, 1
;__Lib_Math.c,1534 :: 		
0x00EB	0x0874      	MOVF       R4, 0
;__Lib_Math.c,1535 :: 		
0x00EC	0x1C72      	BTFSS      R2, 0
;__Lib_Math.c,1536 :: 		
0x00ED	0x2900      	GOTO       UADD22L16
;__Lib_Math.c,1538 :: 		
0x00EE	0x02F8      	SUBWF      R8, 1
;__Lib_Math.c,1539 :: 		
0x00EF	0x0875      	MOVF       R5, 0
;__Lib_Math.c,1540 :: 		
0x00F0	0x1C03      	BTFSS      STATUS, 0
;__Lib_Math.c,1541 :: 		
0x00F1	0x0F75      	INCFSZ     R5, 0
;__Lib_Math.c,1542 :: 		
0x00F2	0x02F9      	SUBWF      R9, 1
;__Lib_Math.c,1543 :: 		
0x00F3	0x0876      	MOVF       R6, 0
;__Lib_Math.c,1544 :: 		
0x00F4	0x1C03      	BTFSS      STATUS, 0
;__Lib_Math.c,1545 :: 		
0x00F5	0x0F76      	INCFSZ     R6, 0
;__Lib_Math.c,1546 :: 		
0x00F6	0x02FA      	SUBWF      R10, 1
;__Lib_Math.c,1547 :: 		
0x00F7	0x0877      	MOVF       R7, 0
;__Lib_Math.c,1548 :: 		
0x00F8	0x1C03      	BTFSS      STATUS, 0
;__Lib_Math.c,1549 :: 		
0x00F9	0x0F77      	INCFSZ     R7, 0
;__Lib_Math.c,1550 :: 		
0x00FA	0x02FB      	SUBWF      R11, 1
;__Lib_Math.c,1551 :: 		
0x00FB	0x0100      	CLRW
;__Lib_Math.c,1552 :: 		
0x00FC	0x1C03      	BTFSS      STATUS, 0
;__Lib_Math.c,1553 :: 		
0x00FD	0x3001      	MOVLW      1
;__Lib_Math.c,1554 :: 		
0x00FE	0x02A0      	SUBWF      ___math_tempb, 1
;__Lib_Math.c,1555 :: 		
0x00FF	0x2911      	GOTO       UOK22L16
;__Lib_Math.c,1557 :: 		
UADD22L16:
;__Lib_Math.c,1558 :: 		
0x0100	0x07F8      	ADDWF      R8, 1
;__Lib_Math.c,1559 :: 		
0x0101	0x0875      	MOVF       R5, 0
;__Lib_Math.c,1560 :: 		
0x0102	0x1803      	BTFSC      STATUS, 0
;__Lib_Math.c,1561 :: 		
0x0103	0x0F75      	INCFSZ     R5, 0
;__Lib_Math.c,1562 :: 		
0x0104	0x07F9      	ADDWF      R9, 1
;__Lib_Math.c,1563 :: 		
0x0105	0x0876      	MOVF       R6, 0
;__Lib_Math.c,1564 :: 		
0x0106	0x1803      	BTFSC      STATUS, 0
;__Lib_Math.c,1565 :: 		
0x0107	0x0F76      	INCFSZ     R6, 0
;__Lib_Math.c,1566 :: 		
0x0108	0x07FA      	ADDWF      R10, 1
;__Lib_Math.c,1567 :: 		
0x0109	0x0877      	MOVF       R7, 0
;__Lib_Math.c,1568 :: 		
0x010A	0x1803      	BTFSC      STATUS, 0
;__Lib_Math.c,1569 :: 		
0x010B	0x0F77      	INCFSZ     R7, 0
;__Lib_Math.c,1570 :: 		
0x010C	0x07FB      	ADDWF      R11, 1
;__Lib_Math.c,1571 :: 		
0x010D	0x0100      	CLRW
;__Lib_Math.c,1572 :: 		
0x010E	0x1803      	BTFSC      STATUS, 0
;__Lib_Math.c,1573 :: 		
0x010F	0x3001      	MOVLW      1
;__Lib_Math.c,1574 :: 		
0x0110	0x07A0      	ADDWF      ___math_tempb, 1
;__Lib_Math.c,1576 :: 		
UOK22L16:
;__Lib_Math.c,1577 :: 		
0x0111	0x0DF1      	RLF        R1, 1
;__Lib_Math.c,1579 :: 		
0x0112	0x3007      	MOVLW      7
;__Lib_Math.c,1580 :: 		
0x0113	0x00FC      	MOVWF      R12
;__Lib_Math.c,1582 :: 		
LOOPU3232C:
;__Lib_Math.c,1583 :: 		
0x0114	0x0D71      	RLF        R1, 0
;__Lib_Math.c,1584 :: 		
0x0115	0x0DF8      	RLF        R8, 1
;__Lib_Math.c,1585 :: 		
0x0116	0x0DF9      	RLF        R9, 1
;__Lib_Math.c,1586 :: 		
0x0117	0x0DFA      	RLF        R10, 1
;__Lib_Math.c,1587 :: 		
0x0118	0x0DFB      	RLF        R11, 1
;__Lib_Math.c,1588 :: 		
0x0119	0x0DA0      	RLF        ___math_tempb, 1
;__Lib_Math.c,1589 :: 		
0x011A	0x0874      	MOVF       R4, 0
;__Lib_Math.c,1590 :: 		
0x011B	0x1C71      	BTFSS      R1, 0
;__Lib_Math.c,1591 :: 		
0x011C	0x292F      	GOTO       UADD22LC
;__Lib_Math.c,1593 :: 		
0x011D	0x02F8      	SUBWF      R8, 1
;__Lib_Math.c,1594 :: 		
0x011E	0x0875      	MOVF       R5, 0
;__Lib_Math.c,1595 :: 		
0x011F	0x1C03      	BTFSS      STATUS, 0
;__Lib_Math.c,1596 :: 		
0x0120	0x0F75      	INCFSZ     R5, 0
;__Lib_Math.c,1597 :: 		
0x0121	0x02F9      	SUBWF      R9, 1
;__Lib_Math.c,1598 :: 		
0x0122	0x0876      	MOVF       R6, 0
;__Lib_Math.c,1599 :: 		
0x0123	0x1C03      	BTFSS      STATUS, 0
;__Lib_Math.c,1600 :: 		
0x0124	0x0F76      	INCFSZ     R6, 0
;__Lib_Math.c,1601 :: 		
0x0125	0x02FA      	SUBWF      R10, 1
;__Lib_Math.c,1602 :: 		
0x0126	0x0877      	MOVF       R7, 0
;__Lib_Math.c,1603 :: 		
0x0127	0x1C03      	BTFSS      STATUS, 0
;__Lib_Math.c,1604 :: 		
0x0128	0x0F77      	INCFSZ     R7, 0
;__Lib_Math.c,1605 :: 		
0x0129	0x02FB      	SUBWF      R11, 1
;__Lib_Math.c,1606 :: 		
0x012A	0x0100      	CLRW
;__Lib_Math.c,1607 :: 		
0x012B	0x1C03      	BTFSS      STATUS, 0
;__Lib_Math.c,1608 :: 		
0x012C	0x3001      	MOVLW      1
;__Lib_Math.c,1609 :: 		
0x012D	0x02A0      	SUBWF      ___math_tempb, 1
;__Lib_Math.c,1610 :: 		
0x012E	0x2940      	GOTO       UOK22LC
;__Lib_Math.c,1612 :: 		
UADD22LC:
;__Lib_Math.c,1613 :: 		
0x012F	0x07F8      	ADDWF      R8, 1
;__Lib_Math.c,1614 :: 		
0x0130	0x0875      	MOVF       R5, 0
;__Lib_Math.c,1615 :: 		
0x0131	0x1803      	BTFSC      STATUS, 0
;__Lib_Math.c,1616 :: 		
0x0132	0x0F75      	INCFSZ     R5, 0
;__Lib_Math.c,1617 :: 		
0x0133	0x07F9      	ADDWF      R9, 1
;__Lib_Math.c,1618 :: 		
0x0134	0x0876      	MOVF       R6, 0
;__Lib_Math.c,1619 :: 		
0x0135	0x1803      	BTFSC      STATUS, 0
;__Lib_Math.c,1620 :: 		
0x0136	0x0F76      	INCFSZ     R6, 0
;__Lib_Math.c,1621 :: 		
0x0137	0x07FA      	ADDWF      R10, 1
;__Lib_Math.c,1622 :: 		
0x0138	0x0877      	MOVF       R7, 0
;__Lib_Math.c,1623 :: 		
0x0139	0x1803      	BTFSC      STATUS, 0
;__Lib_Math.c,1624 :: 		
0x013A	0x0F77      	INCFSZ     R7, 0
;__Lib_Math.c,1625 :: 		
0x013B	0x07FB      	ADDWF      R11, 1
;__Lib_Math.c,1626 :: 		
0x013C	0x0100      	CLRW
;__Lib_Math.c,1627 :: 		
0x013D	0x1803      	BTFSC      STATUS, 0
;__Lib_Math.c,1628 :: 		
0x013E	0x3001      	MOVLW      1
;__Lib_Math.c,1629 :: 		
0x013F	0x07A0      	ADDWF      ___math_tempb, 1
;__Lib_Math.c,1631 :: 		
UOK22LC:
;__Lib_Math.c,1632 :: 		
0x0140	0x0DF1      	RLF        R1, 1
;__Lib_Math.c,1634 :: 		
0x0141	0x0BFC      	DECFSZ     R12, 1
;__Lib_Math.c,1635 :: 		
0x0142	0x2914      	GOTO       LOOPU3232C
;__Lib_Math.c,1637 :: 		
0x0143	0x0D70      	RLF        R0, 0
;__Lib_Math.c,1638 :: 		
0x0144	0x0DF8      	RLF        R8, 1
;__Lib_Math.c,1639 :: 		
0x0145	0x0DF9      	RLF        R9, 1
;__Lib_Math.c,1640 :: 		
0x0146	0x0DFA      	RLF        R10, 1
;__Lib_Math.c,1641 :: 		
0x0147	0x0DFB      	RLF        R11, 1
;__Lib_Math.c,1642 :: 		
0x0148	0x0DA0      	RLF        ___math_tempb, 1
;__Lib_Math.c,1643 :: 		
0x0149	0x0874      	MOVF       R4, 0
;__Lib_Math.c,1644 :: 		
0x014A	0x1C71      	BTFSS      R1, 0
;__Lib_Math.c,1645 :: 		
0x014B	0x295E      	GOTO       UADD22L24
;__Lib_Math.c,1647 :: 		
0x014C	0x02F8      	SUBWF      R8, 1
;__Lib_Math.c,1648 :: 		
0x014D	0x0875      	MOVF       R5, 0
;__Lib_Math.c,1649 :: 		
0x014E	0x1C03      	BTFSS      STATUS, 0
;__Lib_Math.c,1650 :: 		
0x014F	0x0F75      	INCFSZ     R5, 0
;__Lib_Math.c,1651 :: 		
0x0150	0x02F9      	SUBWF      R9, 1
;__Lib_Math.c,1652 :: 		
0x0151	0x0876      	MOVF       R6, 0
;__Lib_Math.c,1653 :: 		
0x0152	0x1C03      	BTFSS      STATUS, 0
;__Lib_Math.c,1654 :: 		
0x0153	0x0F76      	INCFSZ     R6, 0
;__Lib_Math.c,1655 :: 		
0x0154	0x02FA      	SUBWF      R10, 1
;__Lib_Math.c,1656 :: 		
0x0155	0x0877      	MOVF       R7, 0
;__Lib_Math.c,1657 :: 		
0x0156	0x1C03      	BTFSS      STATUS, 0
;__Lib_Math.c,1658 :: 		
0x0157	0x0F77      	INCFSZ     R7, 0
;__Lib_Math.c,1659 :: 		
0x0158	0x02FB      	SUBWF      R11, 1
;__Lib_Math.c,1660 :: 		
0x0159	0x0100      	CLRW
;__Lib_Math.c,1661 :: 		
0x015A	0x1C03      	BTFSS      STATUS, 0
;__Lib_Math.c,1662 :: 		
0x015B	0x3001      	MOVLW      1
;__Lib_Math.c,1663 :: 		
0x015C	0x02A0      	SUBWF      ___math_tempb, 1
;__Lib_Math.c,1664 :: 		
0x015D	0x296F      	GOTO       UOK22L24
;__Lib_Math.c,1666 :: 		
UADD22L24:
;__Lib_Math.c,1667 :: 		
0x015E	0x07F8      	ADDWF      R8, 1
;__Lib_Math.c,1668 :: 		
0x015F	0x0875      	MOVF       R5, 0
;__Lib_Math.c,1669 :: 		
0x0160	0x1803      	BTFSC      STATUS, 0
;__Lib_Math.c,1670 :: 		
0x0161	0x0F75      	INCFSZ     R5, 0
;__Lib_Math.c,1671 :: 		
0x0162	0x07F9      	ADDWF      R9, 1
;__Lib_Math.c,1672 :: 		
0x0163	0x0876      	MOVF       R6, 0
;__Lib_Math.c,1673 :: 		
0x0164	0x1803      	BTFSC      STATUS, 0
;__Lib_Math.c,1674 :: 		
0x0165	0x0F76      	INCFSZ     R6, 0
;__Lib_Math.c,1675 :: 		
0x0166	0x07FA      	ADDWF      R10, 1
;__Lib_Math.c,1676 :: 		
0x0167	0x0877      	MOVF       R7, 0
;__Lib_Math.c,1677 :: 		
0x0168	0x1803      	BTFSC      STATUS, 0
;__Lib_Math.c,1678 :: 		
0x0169	0x0F77      	INCFSZ     R7, 0
;__Lib_Math.c,1679 :: 		
0x016A	0x07FB      	ADDWF      R11, 1
;__Lib_Math.c,1680 :: 		
0x016B	0x0100      	CLRW
;__Lib_Math.c,1681 :: 		
0x016C	0x1803      	BTFSC      STATUS, 0
;__Lib_Math.c,1682 :: 		
0x016D	0x3001      	MOVLW      1
;__Lib_Math.c,1683 :: 		
0x016E	0x07A0      	ADDWF      ___math_tempb, 1
;__Lib_Math.c,1685 :: 		
UOK22L24:
;__Lib_Math.c,1686 :: 		
0x016F	0x0DF0      	RLF        R0, 1
;__Lib_Math.c,1688 :: 		
0x0170	0x3007      	MOVLW      7
;__Lib_Math.c,1689 :: 		
0x0171	0x00FC      	MOVWF      R12
;__Lib_Math.c,1691 :: 		
LOOPU3232D:
;__Lib_Math.c,1692 :: 		
0x0172	0x0D70      	RLF        R0, 0
;__Lib_Math.c,1693 :: 		
0x0173	0x0DF8      	RLF        R8, 1
;__Lib_Math.c,1694 :: 		
0x0174	0x0DF9      	RLF        R9, 1
;__Lib_Math.c,1695 :: 		
0x0175	0x0DFA      	RLF        R10, 1
;__Lib_Math.c,1696 :: 		
0x0176	0x0DFB      	RLF        R11, 1
;__Lib_Math.c,1697 :: 		
0x0177	0x0DA0      	RLF        ___math_tempb, 1
;__Lib_Math.c,1698 :: 		
0x0178	0x0874      	MOVF       R4, 0
;__Lib_Math.c,1699 :: 		
0x0179	0x1C70      	BTFSS      R0, 0
;__Lib_Math.c,1700 :: 		
0x017A	0x298D      	GOTO       UADD22LD
;__Lib_Math.c,1702 :: 		
0x017B	0x02F8      	SUBWF      R8, 1
;__Lib_Math.c,1703 :: 		
0x017C	0x0875      	MOVF       R5, 0
;__Lib_Math.c,1704 :: 		
0x017D	0x1C03      	BTFSS      STATUS, 0
;__Lib_Math.c,1705 :: 		
0x017E	0x0F75      	INCFSZ     R5, 0
;__Lib_Math.c,1706 :: 		
0x017F	0x02F9      	SUBWF      R9, 1
;__Lib_Math.c,1707 :: 		
0x0180	0x0876      	MOVF       R6, 0
;__Lib_Math.c,1708 :: 		
0x0181	0x1C03      	BTFSS      STATUS, 0
;__Lib_Math.c,1709 :: 		
0x0182	0x0F76      	INCFSZ     R6, 0
;__Lib_Math.c,1710 :: 		
0x0183	0x02FA      	SUBWF      R10, 1
;__Lib_Math.c,1711 :: 		
0x0184	0x0877      	MOVF       R7, 0
;__Lib_Math.c,1712 :: 		
0x0185	0x1C03      	BTFSS      STATUS, 0
;__Lib_Math.c,1713 :: 		
0x0186	0x0F77      	INCFSZ     R7, 0
;__Lib_Math.c,1714 :: 		
0x0187	0x02FB      	SUBWF      R11, 1
;__Lib_Math.c,1715 :: 		
0x0188	0x0100      	CLRW
;__Lib_Math.c,1716 :: 		
0x0189	0x1C03      	BTFSS      STATUS, 0
;__Lib_Math.c,1717 :: 		
0x018A	0x3001      	MOVLW      1
;__Lib_Math.c,1718 :: 		
0x018B	0x02A0      	SUBWF      ___math_tempb, 1
;__Lib_Math.c,1719 :: 		
0x018C	0x299E      	GOTO       UOK22LD
;__Lib_Math.c,1721 :: 		
UADD22LD:
;__Lib_Math.c,1722 :: 		
0x018D	0x07F8      	ADDWF      R8, 1
;__Lib_Math.c,1723 :: 		
0x018E	0x0875      	MOVF       R5, 0
;__Lib_Math.c,1724 :: 		
0x018F	0x1803      	BTFSC      STATUS, 0
;__Lib_Math.c,1725 :: 		
0x0190	0x0F75      	INCFSZ     R5, 0
;__Lib_Math.c,1726 :: 		
0x0191	0x07F9      	ADDWF      R9, 1
;__Lib_Math.c,1727 :: 		
0x0192	0x0876      	MOVF       R6, 0
;__Lib_Math.c,1728 :: 		
0x0193	0x1803      	BTFSC      STATUS, 0
;__Lib_Math.c,1729 :: 		
0x0194	0x0F76      	INCFSZ     R6, 0
;__Lib_Math.c,1730 :: 		
0x0195	0x07FA      	ADDWF      R10, 1
;__Lib_Math.c,1731 :: 		
0x0196	0x0877      	MOVF       R7, 0
;__Lib_Math.c,1732 :: 		
0x0197	0x1803      	BTFSC      STATUS, 0
;__Lib_Math.c,1733 :: 		
0x0198	0x0F77      	INCFSZ     R7, 0
;__Lib_Math.c,1734 :: 		
0x0199	0x07FB      	ADDWF      R11, 1
;__Lib_Math.c,1735 :: 		
0x019A	0x0100      	CLRW
;__Lib_Math.c,1736 :: 		
0x019B	0x1803      	BTFSC      STATUS, 0
;__Lib_Math.c,1737 :: 		
0x019C	0x3001      	MOVLW      1
;__Lib_Math.c,1738 :: 		
0x019D	0x07A0      	ADDWF      ___math_tempb, 1
;__Lib_Math.c,1740 :: 		
UOK22LD:
;__Lib_Math.c,1741 :: 		
0x019E	0x0DF0      	RLF        R0, 1
;__Lib_Math.c,1743 :: 		
0x019F	0x0BFC      	DECFSZ     R12, 1
;__Lib_Math.c,1744 :: 		
0x01A0	0x2972      	GOTO       LOOPU3232D
;__Lib_Math.c,1746 :: 		
0x01A1	0x1870      	BTFSC      R0, 0
;__Lib_Math.c,1747 :: 		
0x01A2	0x29B1      	GOTO       UOK22L
;__Lib_Math.c,1748 :: 		
0x01A3	0x0874      	MOVF       R4, 0
;__Lib_Math.c,1749 :: 		
0x01A4	0x07F8      	ADDWF      R8, 1
;__Lib_Math.c,1750 :: 		
0x01A5	0x0875      	MOVF       R5, 0
;__Lib_Math.c,1751 :: 		
0x01A6	0x1803      	BTFSC      STATUS, 0
;__Lib_Math.c,1752 :: 		
0x01A7	0x0F75      	INCFSZ     R5, 0
;__Lib_Math.c,1753 :: 		
0x01A8	0x07F9      	ADDWF      R9, 1
;__Lib_Math.c,1754 :: 		
0x01A9	0x0876      	MOVF       R6, 0
;__Lib_Math.c,1755 :: 		
0x01AA	0x1803      	BTFSC      STATUS, 0
;__Lib_Math.c,1756 :: 		
0x01AB	0x0F76      	INCFSZ     R6, 0
;__Lib_Math.c,1757 :: 		
0x01AC	0x07FA      	ADDWF      R10, 1
;__Lib_Math.c,1758 :: 		
0x01AD	0x0877      	MOVF       R7, 0
;__Lib_Math.c,1759 :: 		
0x01AE	0x1803      	BTFSC      STATUS, 0
;__Lib_Math.c,1760 :: 		
0x01AF	0x0F77      	INCFSZ     R7, 0
;__Lib_Math.c,1761 :: 		
0x01B0	0x07FB      	ADDWF      R11, 1
;__Lib_Math.c,1763 :: 		
UOK22L:
;__Lib_Math.c,1766 :: 		
L_end_Div_32x32_U:
0x01B1	0x0008      	RETURN
; end of _Div_32x32_U
_retardo_us_custom:
;Tarea_2.c,32 :: 		void retardo_us_custom(unsigned int tiempo_us) {
;Tarea_2.c,34 :: 		for (i = 0; i < tiempo_us; i++) {
0x01B2	0x1283      	BCF        STATUS, 5
0x01B3	0x1303      	BCF        STATUS, 6
0x01B4	0x01F1      	CLRF       R1
0x01B5	0x01F2      	CLRF       R1+1
L_retardo_us_custom6:
0x01B6	0x082F      	MOVF       FARG_retardo_us_custom_tiempo_us+1, 0
0x01B7	0x0272      	SUBWF      R1+1, 0
0x01B8	0x1D03      	BTFSS      STATUS, 2
0x01B9	0x29BC      	GOTO       L__retardo_us_custom68
0x01BA	0x082E      	MOVF       FARG_retardo_us_custom_tiempo_us, 0
0x01BB	0x0271      	SUBWF      R1, 0
L__retardo_us_custom68:
0x01BC	0x1803      	BTFSC      STATUS, 0
0x01BD	0x29C3      	GOTO       L_retardo_us_custom7
;Tarea_2.c,35 :: 		asm nop;  // Ajustar según frecuencia del oscilador
0x01BE	0x0000      	NOP
;Tarea_2.c,34 :: 		for (i = 0; i < tiempo_us; i++) {
0x01BF	0x0AF1      	INCF       R1, 1
0x01C0	0x1903      	BTFSC      STATUS, 2
0x01C1	0x0AF2      	INCF       R1+1, 1
;Tarea_2.c,36 :: 		}
0x01C2	0x29B6      	GOTO       L_retardo_us_custom6
L_retardo_us_custom7:
;Tarea_2.c,37 :: 		}
L_end_retardo_us_custom:
0x01C3	0x0008      	RETURN
; end of _retardo_us_custom
_pitido_largo:
;Tarea_2.c,96 :: 		void pitido_largo() {
;Tarea_2.c,98 :: 		for (i = 0; i < 3; i++) {
0x01C4	0x1283      	BCF        STATUS, 5
0x01C5	0x1303      	BCF        STATUS, 6
0x01C6	0x01F1      	CLRF       R1
L_pitido_largo43:
0x01C7	0x3003      	MOVLW      3
0x01C8	0x0271      	SUBWF      R1, 0
0x01C9	0x1803      	BTFSC      STATUS, 0
0x01CA	0x29E7      	GOTO       L_pitido_largo44
;Tarea_2.c,99 :: 		PIN_BUZZER = 1;
0x01CB	0x1408      	BSF        PORTD, 0
;Tarea_2.c,100 :: 		Delay_ms(150);
0x01CC	0x3002      	MOVLW      2
0x01CD	0x00FB      	MOVWF      R11
0x01CE	0x3086      	MOVLW      134
0x01CF	0x00FC      	MOVWF      R12
0x01D0	0x3099      	MOVLW      153
0x01D1	0x00FD      	MOVWF      R13
L_pitido_largo46:
0x01D2	0x0BFD      	DECFSZ     R13, 1
0x01D3	0x29D2      	GOTO       L_pitido_largo46
0x01D4	0x0BFC      	DECFSZ     R12, 1
0x01D5	0x29D2      	GOTO       L_pitido_largo46
0x01D6	0x0BFB      	DECFSZ     R11, 1
0x01D7	0x29D2      	GOTO       L_pitido_largo46
;Tarea_2.c,101 :: 		PIN_BUZZER = 0;
0x01D8	0x1008      	BCF        PORTD, 0
;Tarea_2.c,102 :: 		Delay_ms(150);
0x01D9	0x3002      	MOVLW      2
0x01DA	0x00FB      	MOVWF      R11
0x01DB	0x3086      	MOVLW      134
0x01DC	0x00FC      	MOVWF      R12
0x01DD	0x3099      	MOVLW      153
0x01DE	0x00FD      	MOVWF      R13
L_pitido_largo47:
0x01DF	0x0BFD      	DECFSZ     R13, 1
0x01E0	0x29DF      	GOTO       L_pitido_largo47
0x01E1	0x0BFC      	DECFSZ     R12, 1
0x01E2	0x29DF      	GOTO       L_pitido_largo47
0x01E3	0x0BFB      	DECFSZ     R11, 1
0x01E4	0x29DF      	GOTO       L_pitido_largo47
;Tarea_2.c,98 :: 		for (i = 0; i < 3; i++) {
0x01E5	0x0AF1      	INCF       R1, 1
;Tarea_2.c,103 :: 		}
0x01E6	0x29C7      	GOTO       L_pitido_largo43
L_pitido_largo44:
;Tarea_2.c,104 :: 		}
L_end_pitido_largo:
0x01E7	0x0008      	RETURN
; end of _pitido_largo
_pitido_corto:
;Tarea_2.c,85 :: 		void pitido_corto() {
;Tarea_2.c,87 :: 		for (i = 0; i < 2; i++) {
0x01E8	0x1283      	BCF        STATUS, 5
0x01E9	0x1303      	BCF        STATUS, 6
0x01EA	0x01F1      	CLRF       R1
L_pitido_corto38:
0x01EB	0x3002      	MOVLW      2
0x01EC	0x0271      	SUBWF      R1, 0
0x01ED	0x1803      	BTFSC      STATUS, 0
0x01EE	0x2A0A      	GOTO       L_pitido_corto39
;Tarea_2.c,88 :: 		PIN_BUZZER = 1;
0x01EF	0x1408      	BSF        PORTD, 0
;Tarea_2.c,89 :: 		Delay_ms(50);
0x01F0	0x3082      	MOVLW      130
0x01F1	0x00FC      	MOVWF      R12
0x01F2	0x30DD      	MOVLW      221
0x01F3	0x00FD      	MOVWF      R13
L_pitido_corto41:
0x01F4	0x0BFD      	DECFSZ     R13, 1
0x01F5	0x29F4      	GOTO       L_pitido_corto41
0x01F6	0x0BFC      	DECFSZ     R12, 1
0x01F7	0x29F4      	GOTO       L_pitido_corto41
0x01F8	0x0000      	NOP
0x01F9	0x0000      	NOP
;Tarea_2.c,90 :: 		PIN_BUZZER = 0;
0x01FA	0x1008      	BCF        PORTD, 0
;Tarea_2.c,91 :: 		Delay_ms(100);
0x01FB	0x3002      	MOVLW      2
0x01FC	0x00FB      	MOVWF      R11
0x01FD	0x3004      	MOVLW      4
0x01FE	0x00FC      	MOVWF      R12
0x01FF	0x30BA      	MOVLW      186
0x0200	0x00FD      	MOVWF      R13
L_pitido_corto42:
0x0201	0x0BFD      	DECFSZ     R13, 1
0x0202	0x2A01      	GOTO       L_pitido_corto42
0x0203	0x0BFC      	DECFSZ     R12, 1
0x0204	0x2A01      	GOTO       L_pitido_corto42
0x0205	0x0BFB      	DECFSZ     R11, 1
0x0206	0x2A01      	GOTO       L_pitido_corto42
0x0207	0x0000      	NOP
;Tarea_2.c,87 :: 		for (i = 0; i < 2; i++) {
0x0208	0x0AF1      	INCF       R1, 1
;Tarea_2.c,92 :: 		}
0x0209	0x29EB      	GOTO       L_pitido_corto38
L_pitido_corto39:
;Tarea_2.c,93 :: 		}
L_end_pitido_corto:
0x020A	0x0008      	RETURN
; end of _pitido_corto
_reproducir_nota:
;Tarea_2.c,72 :: 		void reproducir_nota(unsigned int periodo, unsigned short duracion) {
;Tarea_2.c,73 :: 		unsigned long ciclos = (unsigned long)duracion * 500UL / periodo;
0x020B	0x1283      	BCF        STATUS, 5
0x020C	0x1303      	BCF        STATUS, 6
0x020D	0x0825      	MOVF       FARG_reproducir_nota_duracion, 0
0x020E	0x00F0      	MOVWF      R0
0x020F	0x01F1      	CLRF       R0+1
0x0210	0x01F2      	CLRF       R0+2
0x0211	0x01F3      	CLRF       R0+3
0x0212	0x30F4      	MOVLW      244
0x0213	0x00F4      	MOVWF      R4
0x0214	0x3001      	MOVLW      1
0x0215	0x00F5      	MOVWF      R4+1
0x0216	0x3000      	MOVLW      0
0x0217	0x00F6      	MOVWF      R4+2
0x0218	0x3000      	MOVLW      0
0x0219	0x00F7      	MOVWF      R4+3
0x021A	0x2003      	CALL       _Mul_32x32_U
0x021B	0x0823      	MOVF       FARG_reproducir_nota_periodo, 0
0x021C	0x00F4      	MOVWF      R4
0x021D	0x0824      	MOVF       FARG_reproducir_nota_periodo+1, 0
0x021E	0x00F5      	MOVWF      R4+1
0x021F	0x01F6      	CLRF       R4+2
0x0220	0x01F7      	CLRF       R4+3
0x0221	0x203A      	CALL       _Div_32x32_U
0x0222	0x0870      	MOVF       R0, 0
0x0223	0x00A6      	MOVWF      reproducir_nota_ciclos_L0
0x0224	0x0871      	MOVF       R0+1, 0
0x0225	0x00A7      	MOVWF      reproducir_nota_ciclos_L0+1
0x0226	0x0872      	MOVF       R0+2, 0
0x0227	0x00A8      	MOVWF      reproducir_nota_ciclos_L0+2
0x0228	0x0873      	MOVF       R0+3, 0
0x0229	0x00A9      	MOVWF      reproducir_nota_ciclos_L0+3
;Tarea_2.c,76 :: 		for (i = 0; i < ciclos; i++) {
0x022A	0x01AA      	CLRF       reproducir_nota_i_L0
0x022B	0x01AB      	CLRF       reproducir_nota_i_L0+1
0x022C	0x01AC      	CLRF       reproducir_nota_i_L0+2
0x022D	0x01AD      	CLRF       reproducir_nota_i_L0+3
L_reproducir_nota35:
0x022E	0x0829      	MOVF       reproducir_nota_ciclos_L0+3, 0
0x022F	0x022D      	SUBWF      reproducir_nota_i_L0+3, 0
0x0230	0x1D03      	BTFSS      STATUS, 2
0x0231	0x2A3C      	GOTO       L__reproducir_nota72
0x0232	0x0828      	MOVF       reproducir_nota_ciclos_L0+2, 0
0x0233	0x022C      	SUBWF      reproducir_nota_i_L0+2, 0
0x0234	0x1D03      	BTFSS      STATUS, 2
0x0235	0x2A3C      	GOTO       L__reproducir_nota72
0x0236	0x0827      	MOVF       reproducir_nota_ciclos_L0+1, 0
0x0237	0x022B      	SUBWF      reproducir_nota_i_L0+1, 0
0x0238	0x1D03      	BTFSS      STATUS, 2
0x0239	0x2A3C      	GOTO       L__reproducir_nota72
0x023A	0x0826      	MOVF       reproducir_nota_ciclos_L0, 0
0x023B	0x022A      	SUBWF      reproducir_nota_i_L0, 0
L__reproducir_nota72:
0x023C	0x1803      	BTFSC      STATUS, 0
0x023D	0x2A62      	GOTO       L_reproducir_nota36
;Tarea_2.c,77 :: 		PIN_BUZZER = 1;
0x023E	0x1408      	BSF        PORTD, 0
;Tarea_2.c,78 :: 		retardo_us_custom(periodo);
0x023F	0x0823      	MOVF       FARG_reproducir_nota_periodo, 0
0x0240	0x00AE      	MOVWF      FARG_retardo_us_custom_tiempo_us
0x0241	0x0824      	MOVF       FARG_reproducir_nota_periodo+1, 0
0x0242	0x00AF      	MOVWF      FARG_retardo_us_custom_tiempo_us+1
0x0243	0x21B2      	CALL       _retardo_us_custom
;Tarea_2.c,79 :: 		PIN_BUZZER = 0;
0x0244	0x1008      	BCF        PORTD, 0
;Tarea_2.c,80 :: 		retardo_us_custom(periodo);
0x0245	0x0823      	MOVF       FARG_reproducir_nota_periodo, 0
0x0246	0x00AE      	MOVWF      FARG_retardo_us_custom_tiempo_us
0x0247	0x0824      	MOVF       FARG_reproducir_nota_periodo+1, 0
0x0248	0x00AF      	MOVWF      FARG_retardo_us_custom_tiempo_us+1
0x0249	0x21B2      	CALL       _retardo_us_custom
;Tarea_2.c,76 :: 		for (i = 0; i < ciclos; i++) {
0x024A	0x082A      	MOVF       reproducir_nota_i_L0, 0
0x024B	0x00F0      	MOVWF      R0
0x024C	0x082B      	MOVF       reproducir_nota_i_L0+1, 0
0x024D	0x00F1      	MOVWF      R0+1
0x024E	0x082C      	MOVF       reproducir_nota_i_L0+2, 0
0x024F	0x00F2      	MOVWF      R0+2
0x0250	0x082D      	MOVF       reproducir_nota_i_L0+3, 0
0x0251	0x00F3      	MOVWF      R0+3
0x0252	0x0AF0      	INCF       R0, 1
0x0253	0x1903      	BTFSC      STATUS, 2
0x0254	0x0AF1      	INCF       R0+1, 1
0x0255	0x1903      	BTFSC      STATUS, 2
0x0256	0x0AF2      	INCF       R0+2, 1
0x0257	0x1903      	BTFSC      STATUS, 2
0x0258	0x0AF3      	INCF       R0+3, 1
0x0259	0x0870      	MOVF       R0, 0
0x025A	0x00AA      	MOVWF      reproducir_nota_i_L0
0x025B	0x0871      	MOVF       R0+1, 0
0x025C	0x00AB      	MOVWF      reproducir_nota_i_L0+1
0x025D	0x0872      	MOVF       R0+2, 0
0x025E	0x00AC      	MOVWF      reproducir_nota_i_L0+2
0x025F	0x0873      	MOVF       R0+3, 0
0x0260	0x00AD      	MOVWF      reproducir_nota_i_L0+3
;Tarea_2.c,81 :: 		}
0x0261	0x2A2E      	GOTO       L_reproducir_nota35
L_reproducir_nota36:
;Tarea_2.c,82 :: 		}
L_end_reproducir_nota:
0x0262	0x0008      	RETURN
; end of _reproducir_nota
_sonido_fin_juego:
;Tarea_2.c,162 :: 		void sonido_fin_juego() {
;Tarea_2.c,163 :: 		pitido_largo();
0x0263	0x21C4      	CALL       _pitido_largo
;Tarea_2.c,164 :: 		}
L_end_sonido_fin_juego:
0x0264	0x0008      	RETURN
; end of _sonido_fin_juego
_sonido_comida:
;Tarea_2.c,157 :: 		void sonido_comida() {
;Tarea_2.c,158 :: 		pitido_corto();
0x0265	0x21E8      	CALL       _pitido_corto
;Tarea_2.c,159 :: 		}
L_end_sonido_comida:
0x0266	0x0008      	RETURN
; end of _sonido_comida
_melodia_bienvenida:
;Tarea_2.c,107 :: 		void melodia_bienvenida() {
;Tarea_2.c,108 :: 		reproducir_nota(NOTA_DO, 180);
0x0267	0x307B      	MOVLW      123
0x0268	0x1283      	BCF        STATUS, 5
0x0269	0x1303      	BCF        STATUS, 6
0x026A	0x00A3      	MOVWF      FARG_reproducir_nota_periodo
0x026B	0x3007      	MOVLW      7
0x026C	0x00A4      	MOVWF      FARG_reproducir_nota_periodo+1
0x026D	0x30B4      	MOVLW      180
0x026E	0x00A5      	MOVWF      FARG_reproducir_nota_duracion
0x026F	0x220B      	CALL       _reproducir_nota
;Tarea_2.c,109 :: 		reproducir_nota(NOTA_MI, 180);
0x0270	0x30EF      	MOVLW      239
0x0271	0x00A3      	MOVWF      FARG_reproducir_nota_periodo
0x0272	0x3005      	MOVLW      5
0x0273	0x00A4      	MOVWF      FARG_reproducir_nota_periodo+1
0x0274	0x30B4      	MOVLW      180
0x0275	0x00A5      	MOVWF      FARG_reproducir_nota_duracion
0x0276	0x220B      	CALL       _reproducir_nota
;Tarea_2.c,110 :: 		reproducir_nota(NOTA_SOL, 180);
0x0277	0x30FB      	MOVLW      251
0x0278	0x00A3      	MOVWF      FARG_reproducir_nota_periodo
0x0279	0x3004      	MOVLW      4
0x027A	0x00A4      	MOVWF      FARG_reproducir_nota_periodo+1
0x027B	0x30B4      	MOVLW      180
0x027C	0x00A5      	MOVWF      FARG_reproducir_nota_duracion
0x027D	0x220B      	CALL       _reproducir_nota
;Tarea_2.c,111 :: 		reproducir_nota(NOTA_DO_OCT, 360);
0x027E	0x30BC      	MOVLW      188
0x027F	0x00A3      	MOVWF      FARG_reproducir_nota_periodo
0x0280	0x3003      	MOVLW      3
0x0281	0x00A4      	MOVWF      FARG_reproducir_nota_periodo+1
0x0282	0x3068      	MOVLW      104
0x0283	0x00A5      	MOVWF      FARG_reproducir_nota_duracion
0x0284	0x220B      	CALL       _reproducir_nota
;Tarea_2.c,113 :: 		Delay_ms(120);
0x0285	0x3002      	MOVLW      2
0x0286	0x00FB      	MOVWF      R11
0x0287	0x3038      	MOVLW      56
0x0288	0x00FC      	MOVWF      R12
0x0289	0x30AD      	MOVLW      173
0x028A	0x00FD      	MOVWF      R13
L_melodia_bienvenida48:
0x028B	0x0BFD      	DECFSZ     R13, 1
0x028C	0x2A8B      	GOTO       L_melodia_bienvenida48
0x028D	0x0BFC      	DECFSZ     R12, 1
0x028E	0x2A8B      	GOTO       L_melodia_bienvenida48
0x028F	0x0BFB      	DECFSZ     R11, 1
0x0290	0x2A8B      	GOTO       L_melodia_bienvenida48
;Tarea_2.c,115 :: 		reproducir_nota(NOTA_SOL, 150);
0x0291	0x30FB      	MOVLW      251
0x0292	0x00A3      	MOVWF      FARG_reproducir_nota_periodo
0x0293	0x3004      	MOVLW      4
0x0294	0x00A4      	MOVWF      FARG_reproducir_nota_periodo+1
0x0295	0x3096      	MOVLW      150
0x0296	0x00A5      	MOVWF      FARG_reproducir_nota_duracion
0x0297	0x220B      	CALL       _reproducir_nota
;Tarea_2.c,116 :: 		reproducir_nota(NOTA_FA, 150);
0x0298	0x3098      	MOVLW      152
0x0299	0x00A3      	MOVWF      FARG_reproducir_nota_periodo
0x029A	0x3005      	MOVLW      5
0x029B	0x00A4      	MOVWF      FARG_reproducir_nota_periodo+1
0x029C	0x3096      	MOVLW      150
0x029D	0x00A5      	MOVWF      FARG_reproducir_nota_duracion
0x029E	0x220B      	CALL       _reproducir_nota
;Tarea_2.c,117 :: 		reproducir_nota(NOTA_MI, 150);
0x029F	0x30EF      	MOVLW      239
0x02A0	0x00A3      	MOVWF      FARG_reproducir_nota_periodo
0x02A1	0x3005      	MOVLW      5
0x02A2	0x00A4      	MOVWF      FARG_reproducir_nota_periodo+1
0x02A3	0x3096      	MOVLW      150
0x02A4	0x00A5      	MOVWF      FARG_reproducir_nota_duracion
0x02A5	0x220B      	CALL       _reproducir_nota
;Tarea_2.c,118 :: 		reproducir_nota(NOTA_RE, 150);
0x02A6	0x30A4      	MOVLW      164
0x02A7	0x00A3      	MOVWF      FARG_reproducir_nota_periodo
0x02A8	0x3006      	MOVLW      6
0x02A9	0x00A4      	MOVWF      FARG_reproducir_nota_periodo+1
0x02AA	0x3096      	MOVLW      150
0x02AB	0x00A5      	MOVWF      FARG_reproducir_nota_duracion
0x02AC	0x220B      	CALL       _reproducir_nota
;Tarea_2.c,119 :: 		reproducir_nota(NOTA_DO, 300);
0x02AD	0x307B      	MOVLW      123
0x02AE	0x00A3      	MOVWF      FARG_reproducir_nota_periodo
0x02AF	0x3007      	MOVLW      7
0x02B0	0x00A4      	MOVWF      FARG_reproducir_nota_periodo+1
0x02B1	0x302C      	MOVLW      44
0x02B2	0x00A5      	MOVWF      FARG_reproducir_nota_duracion
0x02B3	0x220B      	CALL       _reproducir_nota
;Tarea_2.c,121 :: 		Delay_ms(200);
0x02B4	0x3003      	MOVLW      3
0x02B5	0x00FB      	MOVWF      R11
0x02B6	0x3008      	MOVLW      8
0x02B7	0x00FC      	MOVWF      R12
0x02B8	0x3077      	MOVLW      119
0x02B9	0x00FD      	MOVWF      R13
L_melodia_bienvenida49:
0x02BA	0x0BFD      	DECFSZ     R13, 1
0x02BB	0x2ABA      	GOTO       L_melodia_bienvenida49
0x02BC	0x0BFC      	DECFSZ     R12, 1
0x02BD	0x2ABA      	GOTO       L_melodia_bienvenida49
0x02BE	0x0BFB      	DECFSZ     R11, 1
0x02BF	0x2ABA      	GOTO       L_melodia_bienvenida49
;Tarea_2.c,123 :: 		reproducir_nota(NOTA_DO, 100);
0x02C0	0x307B      	MOVLW      123
0x02C1	0x00A3      	MOVWF      FARG_reproducir_nota_periodo
0x02C2	0x3007      	MOVLW      7
0x02C3	0x00A4      	MOVWF      FARG_reproducir_nota_periodo+1
0x02C4	0x3064      	MOVLW      100
0x02C5	0x00A5      	MOVWF      FARG_reproducir_nota_duracion
0x02C6	0x220B      	CALL       _reproducir_nota
;Tarea_2.c,124 :: 		reproducir_nota(NOTA_RE, 100);
0x02C7	0x30A4      	MOVLW      164
0x02C8	0x00A3      	MOVWF      FARG_reproducir_nota_periodo
0x02C9	0x3006      	MOVLW      6
0x02CA	0x00A4      	MOVWF      FARG_reproducir_nota_periodo+1
0x02CB	0x3064      	MOVLW      100
0x02CC	0x00A5      	MOVWF      FARG_reproducir_nota_duracion
0x02CD	0x220B      	CALL       _reproducir_nota
;Tarea_2.c,125 :: 		reproducir_nota(NOTA_MI, 100);
0x02CE	0x30EF      	MOVLW      239
0x02CF	0x00A3      	MOVWF      FARG_reproducir_nota_periodo
0x02D0	0x3005      	MOVLW      5
0x02D1	0x00A4      	MOVWF      FARG_reproducir_nota_periodo+1
0x02D2	0x3064      	MOVLW      100
0x02D3	0x00A5      	MOVWF      FARG_reproducir_nota_duracion
0x02D4	0x220B      	CALL       _reproducir_nota
;Tarea_2.c,126 :: 		reproducir_nota(NOTA_FA, 400);
0x02D5	0x3098      	MOVLW      152
0x02D6	0x00A3      	MOVWF      FARG_reproducir_nota_periodo
0x02D7	0x3005      	MOVLW      5
0x02D8	0x00A4      	MOVWF      FARG_reproducir_nota_periodo+1
0x02D9	0x3090      	MOVLW      144
0x02DA	0x00A5      	MOVWF      FARG_reproducir_nota_duracion
0x02DB	0x220B      	CALL       _reproducir_nota
;Tarea_2.c,127 :: 		}
L_end_melodia_bienvenida:
0x02DC	0x0008      	RETURN
; end of _melodia_bienvenida
_main:
;Tarea_2.c,167 :: 		void main() {
;Tarea_2.c,169 :: 		TRIS_BUZZER = 0;        // Configurar buzzer como salida
0x02DD	0x1683      	BSF        STATUS, 5
0x02DE	0x1303      	BCF        STATUS, 6
0x02DF	0x1008      	BCF        TRISD, 0
;Tarea_2.c,170 :: 		TRISD.TRISD1 = 1;       // Botón comida como entrada
0x02E0	0x1488      	BSF        TRISD, 1
;Tarea_2.c,171 :: 		TRISD.TRISD2 = 1;       // Botón fin juego como entrada
0x02E1	0x1508      	BSF        TRISD, 2
;Tarea_2.c,173 :: 		PIN_BUZZER = 0;         // Apagar buzzer inicialmente
0x02E2	0x1283      	BCF        STATUS, 5
0x02E3	0x1008      	BCF        PORTD, 0
;Tarea_2.c,174 :: 		PORTD = 0x00;           // Limpiar puerto D
0x02E4	0x0188      	CLRF       PORTD
;Tarea_2.c,176 :: 		Delay_ms(500);          // Pausa inicial
0x02E5	0x3006      	MOVLW      6
0x02E6	0x00FB      	MOVWF      R11
0x02E7	0x3013      	MOVLW      19
0x02E8	0x00FC      	MOVWF      R12
0x02E9	0x30AD      	MOVLW      173
0x02EA	0x00FD      	MOVWF      R13
L_main51:
0x02EB	0x0BFD      	DECFSZ     R13, 1
0x02EC	0x2AEB      	GOTO       L_main51
0x02ED	0x0BFC      	DECFSZ     R12, 1
0x02EE	0x2AEB      	GOTO       L_main51
0x02EF	0x0BFB      	DECFSZ     R11, 1
0x02F0	0x2AEB      	GOTO       L_main51
0x02F1	0x0000      	NOP
0x02F2	0x0000      	NOP
;Tarea_2.c,179 :: 		melodia_bienvenida();
0x02F3	0x2267      	CALL       _melodia_bienvenida
;Tarea_2.c,181 :: 		Delay_ms(1000);         // Pausa antes del ciclo principal
0x02F4	0x300B      	MOVLW      11
0x02F5	0x00FB      	MOVWF      R11
0x02F6	0x3026      	MOVLW      38
0x02F7	0x00FC      	MOVWF      R12
0x02F8	0x305D      	MOVLW      93
0x02F9	0x00FD      	MOVWF      R13
L_main52:
0x02FA	0x0BFD      	DECFSZ     R13, 1
0x02FB	0x2AFA      	GOTO       L_main52
0x02FC	0x0BFC      	DECFSZ     R12, 1
0x02FD	0x2AFA      	GOTO       L_main52
0x02FE	0x0BFB      	DECFSZ     R11, 1
0x02FF	0x2AFA      	GOTO       L_main52
0x0300	0x0000      	NOP
0x0301	0x0000      	NOP
;Tarea_2.c,183 :: 		while (1) {
L_main53:
;Tarea_2.c,185 :: 		if (BOTON_COMIDA == 1) {
0x0302	0x1C88      	BTFSS      PORTD, 1
0x0303	0x2B12      	GOTO       L_main55
;Tarea_2.c,186 :: 		sonido_comida();
0x0304	0x2265      	CALL       _sonido_comida
;Tarea_2.c,187 :: 		while (BOTON_COMIDA == 1); // Esperar a que se suelte el botón
L_main56:
0x0305	0x1C88      	BTFSS      PORTD, 1
0x0306	0x2B08      	GOTO       L_main57
0x0307	0x2B05      	GOTO       L_main56
L_main57:
;Tarea_2.c,188 :: 		Delay_ms(50);               // Anti-rebote
0x0308	0x3082      	MOVLW      130
0x0309	0x00FC      	MOVWF      R12
0x030A	0x30DD      	MOVLW      221
0x030B	0x00FD      	MOVWF      R13
L_main58:
0x030C	0x0BFD      	DECFSZ     R13, 1
0x030D	0x2B0C      	GOTO       L_main58
0x030E	0x0BFC      	DECFSZ     R12, 1
0x030F	0x2B0C      	GOTO       L_main58
0x0310	0x0000      	NOP
0x0311	0x0000      	NOP
;Tarea_2.c,189 :: 		}
L_main55:
;Tarea_2.c,192 :: 		if (BOTON_FIN == 1) {
0x0312	0x1D08      	BTFSS      PORTD, 2
0x0313	0x2B22      	GOTO       L_main59
;Tarea_2.c,193 :: 		sonido_fin_juego();
0x0314	0x2263      	CALL       _sonido_fin_juego
;Tarea_2.c,194 :: 		while (BOTON_FIN == 1);    // Esperar a que se suelte el botón
L_main60:
0x0315	0x1D08      	BTFSS      PORTD, 2
0x0316	0x2B18      	GOTO       L_main61
0x0317	0x2B15      	GOTO       L_main60
L_main61:
;Tarea_2.c,195 :: 		Delay_ms(50);              // Anti-rebote
0x0318	0x3082      	MOVLW      130
0x0319	0x00FC      	MOVWF      R12
0x031A	0x30DD      	MOVLW      221
0x031B	0x00FD      	MOVWF      R13
L_main62:
0x031C	0x0BFD      	DECFSZ     R13, 1
0x031D	0x2B1C      	GOTO       L_main62
0x031E	0x0BFC      	DECFSZ     R12, 1
0x031F	0x2B1C      	GOTO       L_main62
0x0320	0x0000      	NOP
0x0321	0x0000      	NOP
;Tarea_2.c,196 :: 		}
L_main59:
;Tarea_2.c,198 :: 		Delay_ms(10); // Pequeña pausa para evitar saturar CPU
0x0322	0x301A      	MOVLW      26
0x0323	0x00FC      	MOVWF      R12
0x0324	0x30F8      	MOVLW      248
0x0325	0x00FD      	MOVWF      R13
L_main63:
0x0326	0x0BFD      	DECFSZ     R13, 1
0x0327	0x2B26      	GOTO       L_main63
0x0328	0x0BFC      	DECFSZ     R12, 1
0x0329	0x2B26      	GOTO       L_main63
0x032A	0x0000      	NOP
;Tarea_2.c,199 :: 		}
0x032B	0x2B02      	GOTO       L_main53
;Tarea_2.c,200 :: 		}
L_end_main:
0x032C	0x2B2C      	GOTO       $+0
; end of _main
Symbol List:
//** Routines locations **
//ADDRESS    SIZE    PROCEDURE
//----------------------------------------------
0x0003      [55]    _Mul_32x32_U
0x003A     [376]    _Div_32x32_U
0x01B2      [18]    _retardo_us_custom
0x01C4      [36]    _pitido_largo
0x01E8      [35]    _pitido_corto
0x020B      [88]    _reproducir_nota
0x0263       [2]    _sonido_fin_juego
0x0265       [2]    _sonido_comida
0x0267     [118]    _melodia_bienvenida
0x02DD      [80]    _main
//** Variables locations ** 
//ADDRESS    SIZE    VARIABLE
//----------------------------------------------
0x0000       [1]    INDF
0x0003       [1]    STATUS
0x0004       [1]    FSR
0x0008       [1]    PORTD
0x000A       [1]    PCLATH
0x0020       [1]    ___math_tempb
0x0021       [2]    ___DoICPAddr
0x0023       [2]    FARG_reproducir_nota_periodo
0x0025       [1]    FARG_reproducir_nota_duracion
0x0026       [4]    reproducir_nota_ciclos_L0
0x002A       [4]    reproducir_nota_i_L0
0x002E       [2]    FARG_retardo_us_custom_tiempo_us
0x0070       [1]    R0
0x0071       [1]    R1
0x0072       [1]    R2
0x0073       [1]    R3
0x0074       [1]    R4
0x0075       [1]    R5
0x0076       [1]    R6
0x0077       [1]    R7
0x0078       [1]    R8
0x0079       [1]    R9
0x007A       [1]    R10
0x007B       [1]    R11
0x007C       [1]    R12
0x007D       [1]    R13
0x007E       [1]    R14
0x007F       [1]    R15
0x0088       [1]    TRISD
